* using log directory 'C:/Users/James Moore/Documents/MooreFunctions/mooreFunctions.Rcheck'
* using R version 3.5.1 (2018-07-02)
* using platform: x86_64-w64-mingw32 (64-bit)
* using session charset: ISO8859-1
* using options '--no-manual --as-cran'
* checking for file 'mooreFunctions/DESCRIPTION' ... OK
* this is package 'mooreFunctions' version '0.0.0.9000'
* package encoding: UTF-8
* checking package namespace information ... OK
* checking package dependencies ... OK
* checking if this is a source package ... OK
* checking if there is a namespace ... OK
* checking for executable files ... OK
* checking for hidden files and directories ... OK
* checking for portable file names ... OK
* checking whether package 'mooreFunctions' can be installed ... OK
* checking installed package size ... OK
* checking package directory ... OK
* checking DESCRIPTION meta-information ... WARNING
Non-standard license specification:
  What license is it under?
Standardizable: FALSE
 WARNING
Dependence on R version '3.5.1' not with patchlevel 0
* checking top-level files ... OK
* checking for left-over files ... OK
* checking index information ... OK
* checking package subdirectories ... OK
* checking R files for non-ASCII characters ... OK
* checking R files for syntax errors ... OK
* checking whether the package can be loaded ... OK
* checking whether the package can be loaded with stated dependencies ... OK
* checking whether the package can be unloaded cleanly ... OK
* checking whether the namespace can be loaded with stated dependencies ... OK
* checking whether the namespace can be unloaded cleanly ... OK
* checking loading without being on the library search path ... OK
* checking dependencies in R code ... WARNING
'library' or 'require' call not declared from: 'glmnet'
'library' or 'require' call to 'glmnet' in package code.
  Please use :: or requireNamespace() instead.
  See section 'Suggested packages' in the 'Writing R Extensions' manual.
* checking S3 generic/method consistency ... OK
* checking replacement functions ... OK
* checking foreign function calls ... OK
* checking R code for possible problems ... NOTE
backElimination: no visible global function definition for 'lm'
backElimination: no visible global function definition for 'AIC'
forwardSelection: no visible global function definition for 'lm'
forwardSelection: no visible global function definition for 'AIC'
optimumElastic: no visible binding for global variable 'fold'
optimumElastic: no visible global function definition for
  'model.matrix'
optimumElastic: no visible global function definition for 'cv.glmnet'
optimumElastic: no visible global function definition for 'glmnet'
optimumElastic: no visible global function definition for 'predict'
setTrainTest: no visible binding for global variable 'fold'
Undefined global functions or variables:
  AIC cv.glmnet fold glmnet lm model.matrix predict
Consider adding
  importFrom("stats", "AIC", "lm", "model.matrix", "predict")
to your NAMESPACE file.
* checking Rd files ... OK
* checking Rd metadata ... OK
* checking Rd line widths ... OK
* checking Rd cross-references ... OK
* checking for missing documentation entries ... OK
* checking for code/documentation mismatches ... OK
* checking Rd \usage sections ... OK
* checking Rd contents ... OK
* checking for unstated dependencies in examples ... OK
* checking examples ... ERROR
Running examples in 'mooreFunctions-Ex.R' failed
The error most likely occurred in:

> base::assign(".ptime", proc.time(), pos = "CheckExEnv")
> ### Name: backElimination
> ### Title: Backwards Elimination Function
> ### Aliases: backElimination
> 
> ### ** Examples
> 
> backElimination()
Error in backElimination() : 
  argument "Xmatrix" is missing, with no default
Execution halted
* DONE
Status: 1 ERROR, 3 WARNINGs, 1 NOTE
